# JRE version: OpenJDK Runtime Environment (11.0.12+7) (build 11.0.12+7-b1504.28-7817840)
# Java VM: OpenJDK 64-Bit Server VM (11.0.12+7-b1504.28-7817840, mixed mode, tiered, compressed oops, g1 gc, windows-amd64)
Heap:
 garbage-first heap   total 528384K, used 216292K [0x0000000080000000, 0x0000000100000000)
  region size 1024K, 3 young (3072K), 3 survivors (3072K)
 Metaspace       used 200305K, capacity 205164K, committed 205304K, reserved 1228800K
  class space    used 24432K, capacity 26072K, committed 26104K, reserved 1048576K
GC Heap History (20 events):
Event: 891.148 GC heap after
{Heap after GC invocations=124 (full 0):
 garbage-first heap   total 225280K, used 203914K [0x0000000080000000, 0x0000000100000000)
  region size 1024K, 2 young (2048K), 2 survivors (2048K)
 Metaspace       used 193106K, capacity 197854K, committed 198008K, reserved 1222656K
  class space    used 23805K, capacity 25405K, committed 25464K, reserved 1048576K
}
Event: 891.228 GC heap before
{Heap before GC invocations=124 (full 0):
 garbage-first heap   total 225280K, used 212106K [0x0000000080000000, 0x0000000100000000)
  region size 1024K, 11 young (11264K), 2 survivors (2048K)
 Metaspace       used 193120K, capacity 197854K, committed 198008K, reserved 1222656K
  class space    used 23805K, capacity 25405K, committed 25464K, reserved 1048576K
}
Event: 891.233 GC heap after
{Heap after GC invocations=125 (full 0):
 garbage-first heap   total 225280K, used 206027K [0x0000000080000000, 0x0000000100000000)
  region size 1024K, 2 young (2048K), 2 survivors (2048K)
 Metaspace       used 193120K, capacity 197854K, committed 198008K, reserved 1222656K
  class space    used 23805K, capacity 25405K, committed 25464K, reserved 1048576K
}
Event: 891.303 GC heap before
{Heap before GC invocations=125 (full 0):
 garbage-first heap   total 225280K, used 214219K [0x0000000080000000, 0x0000000100000000)
  region size 1024K, 11 young (11264K), 2 survivors (2048K)
 Metaspace       used 193141K, capacity 197854K, committed 198008K, reserved 1222656K
  class space    used 23805K, capacity 25405K, committed 25464K, reserved 1048576K
}
Event: 891.308 GC heap after
{Heap after GC invocations=126 (full 0):
 garbage-first heap   total 303104K, used 209693K [0x0000000080000000, 0x0000000100000000)
  region size 1024K, 2 young (2048K), 2 survivors (2048K)
 Metaspace       used 193141K, capacity 197854K, committed 198008K, reserved 1222656K
  class space    used 23805K, capacity 25405K, committed 25464K, reserved 1048576K
}
Event: 891.533 GC heap before
{Heap before GC invocations=127 (full 0):
 garbage-first heap   total 303104K, used 239389K [0x0000000080000000, 0x0000000100000000)
  region size 1024K, 29 young (29696K), 2 survivors (2048K)
 Metaspace       used 193156K, capacity 197918K, committed 198008K, reserved 1222656K
  class space    used 23805K, capacity 25405K, committed 25464K, reserved 1048576K
}
Event: 891.542 GC heap after
{Heap after GC invocations=128 (full 0):
 garbage-first heap   total 303104K, used 221646K [0x0000000080000000, 0x0000000100000000)
  region size 1024K, 4 young (4096K), 4 survivors (4096K)
 Metaspace       used 193156K, capacity 197918K, committed 198008K, reserved 1222656K
  class space    used 23805K, capacity 25405K, committed 25464K, reserved 1048576K
}
Event: 891.704 GC heap before
{Heap before GC invocations=128 (full 0):
 garbage-first heap   total 303104K, used 244174K [0x0000000080000000, 0x0000000100000000)
  region size 1024K, 26 young (26624K), 4 survivors (4096K)
 Metaspace       used 193371K, capacity 198145K, committed 198264K, reserved 1222656K
  class space    used 23820K, capacity 25438K, committed 25464K, reserved 1048576K
}
Event: 891.710 GC heap after
{Heap after GC invocations=129 (full 0):
 garbage-first heap   total 303104K, used 227315K [0x0000000080000000, 0x0000000100000000)
  region size 1024K, 4 young (4096K), 4 survivors (4096K)
 Metaspace       used 193371K, capacity 198145K, committed 198264K, reserved 1222656K
  class space    used 23820K, capacity 25438K, committed 25464K, reserved 1048576K
}
Event: 892.110 GC heap before
{Heap before GC invocations=130 (full 0):
 garbage-first heap   total 303104K, used 255987K [0x0000000080000000, 0x0000000100000000)
  region size 1024K, 25 young (25600K), 4 survivors (4096K)
 Metaspace       used 193542K, capacity 198337K, committed 198520K, reserved 1222656K
  class space    used 23829K, capacity 25438K, committed 25464K, reserved 1048576K
}
Event: 892.119 GC heap after
{Heap after GC invocations=131 (full 0):
 garbage-first heap   total 303104K, used 231831K [0x0000000080000000, 0x0000000100000000)
  region size 1024K, 4 young (4096K), 4 survivors (4096K)
 Metaspace       used 193542K, capacity 198337K, committed 198520K, reserved 1222656K
  class space    used 23829K, capacity 25438K, committed 25464K, reserved 1048576K
}
Event: 892.368 GC heap before
{Heap before GC invocations=131 (full 0):
 garbage-first heap   total 303104K, used 252311K [0x0000000080000000, 0x0000000100000000)
  region size 1024K, 24 young (24576K), 4 survivors (4096K)
 Metaspace       used 193616K, capacity 198411K, committed 198520K, reserved 1222656K
  class space    used 23834K, capacity 25441K, committed 25464K, reserved 1048576K
}
Event: 892.379 GC heap after
{Heap after GC invocations=132 (full 0):
 garbage-first heap   total 441344K, used 235039K [0x0000000080000000, 0x0000000100000000)
  region size 1024K, 3 young (3072K), 3 survivors (3072K)
 Metaspace       used 193616K, capacity 198411K, committed 198520K, reserved 1222656K
  class space    used 23834K, capacity 25441K, committed 25464K, reserved 1048576K
}
Event: 892.895 GC heap before
{Heap before GC invocations=133 (full 0):
 garbage-first heap   total 441344K, used 315935K [0x0000000080000000, 0x0000000100000000)
  region size 1024K, 66 young (67584K), 3 survivors (3072K)
 Metaspace       used 197877K, capacity 202712K, committed 203000K, reserved 1226752K
  class space    used 24212K, capacity 25813K, committed 25848K, reserved 1048576K
}
Event: 892.907 GC heap after
{Heap after GC invocations=134 (full 0):
 garbage-first heap   total 441344K, used 245473K [0x0000000080000000, 0x0000000100000000)
  region size 1024K, 9 young (9216K), 9 survivors (9216K)
 Metaspace       used 197877K, capacity 202712K, committed 203000K, reserved 1226752K
  class space    used 24212K, capacity 25813K, committed 25848K, reserved 1048576K
}
Event: 893.277 GC heap before
{Heap before GC invocations=134 (full 0):
 garbage-first heap   total 441344K, used 309985K [0x0000000080000000, 0x0000000100000000)
  region size 1024K, 73 young (74752K), 9 survivors (9216K)
 Metaspace       used 199384K, capacity 204176K, committed 204536K, reserved 1228800K
  class space    used 24348K, capacity 25959K, committed 26104K, reserved 1048576K
}
Event: 893.289 GC heap after
{Heap after GC invocations=135 (full 0):
 garbage-first heap   total 441344K, used 249810K [0x0000000080000000, 0x0000000100000000)
  region size 1024K, 5 young (5120K), 5 survivors (5120K)
 Metaspace       used 199384K, capacity 204176K, committed 204536K, reserved 1228800K
  class space    used 24348K, capacity 25959K, committed 26104K, reserved 1048576K
}
Event: 893.621 GC heap before
{Heap before GC invocations=136 (full 0):
 garbage-first heap   total 441344K, used 296914K [0x0000000080000000, 0x0000000100000000)
  region size 1024K, 73 young (74752K), 5 survivors (5120K)
 Metaspace       used 200200K, capacity 205003K, committed 205304K, reserved 1228800K
  class space    used 24424K, capacity 26040K, committed 26104K, reserved 1048576K
}
Event: 893.634 GC heap after
{Heap after GC invocations=137 (full 0):
 garbage-first heap   total 441344K, used 235300K [0x0000000080000000, 0x0000000100000000)
  region size 1024K, 10 young (10240K), 10 survivors (10240K)
 Metaspace       used 200200K, capacity 205003K, committed 205304K, reserved 1228800K
  class space    used 24424K, capacity 26040K, committed 26104K, reserved 1048576K
}
Event: 893.656 GC heap before
{Heap before GC invocations=137 (full 0):
 garbage-first heap   total 441344K, used 246564K [0x0000000080000000, 0x0000000100000000)
  region size 1024K, 21 young (21504K), 10 survivors (10240K)
 Metaspace       used 200305K, capacity 205164K, committed 205304K, reserved 1228800K
  class space    used 24432K, capacity 26072K, committed 26104K, reserved 1048576K
}

