# JRE version: OpenJDK Runtime Environment (11.0.12+7) (build 11.0.12+7-b1504.28-7817840)
# Java VM: OpenJDK 64-Bit Server VM (11.0.12+7-b1504.28-7817840, mixed mode, tiered, compressed oops, g1 gc, windows-amd64)
Heap:
 garbage-first heap   total 187392K, used 92245K [0x0000000080000000, 0x0000000100000000)
  region size 1024K, 13 young (13312K), 5 survivors (5120K)
 Metaspace       used 73881K, capacity 75893K, committed 76108K, reserved 1116160K
  class space    used 9503K, capacity 10206K, committed 10316K, reserved 1048576K
GC Heap History (20 events):
Event: 3.228 GC heap before
{Heap before GC invocations=7 (full 0):
 garbage-first heap   total 129024K, used 46907K [0x0000000080000000, 0x0000000100000000)
  region size 1024K, 22 young (22528K), 9 survivors (9216K)
 Metaspace       used 34785K, capacity 35678K, committed 35840K, reserved 1079296K
  class space    used 4650K, capacity 4993K, committed 5120K, reserved 1048576K
}
Event: 3.237 GC heap after
{Heap after GC invocations=8 (full 0):
 garbage-first heap   total 155648K, used 36056K [0x0000000080000000, 0x0000000100000000)
  region size 1024K, 2 young (2048K), 2 survivors (2048K)
 Metaspace       used 34785K, capacity 35678K, committed 35840K, reserved 1079296K
  class space    used 4650K, capacity 4993K, committed 5120K, reserved 1048576K
}
Event: 4.063 GC heap before
{Heap before GC invocations=9 (full 0):
 garbage-first heap   total 155648K, used 117976K [0x0000000080000000, 0x0000000100000000)
  region size 1024K, 80 young (81920K), 2 survivors (2048K)
 Metaspace       used 43675K, capacity 44679K, committed 44928K, reserved 1087488K
  class space    used 5629K, capacity 6009K, committed 6016K, reserved 1048576K
}
Event: 4.068 GC heap after
{Heap after GC invocations=10 (full 0):
 garbage-first heap   total 155648K, used 41536K [0x0000000080000000, 0x0000000100000000)
  region size 1024K, 7 young (7168K), 7 survivors (7168K)
 Metaspace       used 43675K, capacity 44679K, committed 44928K, reserved 1087488K
  class space    used 5629K, capacity 6009K, committed 6016K, reserved 1048576K
}
Event: 4.772 GC heap before
{Heap before GC invocations=10 (full 0):
 garbage-first heap   total 155648K, used 125504K [0x0000000080000000, 0x0000000100000000)
  region size 1024K, 80 young (81920K), 7 survivors (7168K)
 Metaspace       used 47923K, capacity 49299K, committed 49536K, reserved 1091584K
  class space    used 6153K, capacity 6661K, committed 6784K, reserved 1048576K
}
Event: 4.780 GC heap after
{Heap after GC invocations=11 (full 0):
 garbage-first heap   total 155648K, used 56604K [0x0000000080000000, 0x0000000100000000)
  region size 1024K, 8 young (8192K), 8 survivors (8192K)
 Metaspace       used 47923K, capacity 49299K, committed 49536K, reserved 1091584K
  class space    used 6153K, capacity 6661K, committed 6784K, reserved 1048576K
}
Event: 5.378 GC heap before
{Heap before GC invocations=11 (full 0):
 garbage-first heap   total 155648K, used 119068K [0x0000000080000000, 0x0000000100000000)
  region size 1024K, 69 young (70656K), 8 survivors (8192K)
 Metaspace       used 51303K, capacity 52887K, committed 53120K, reserved 1095680K
  class space    used 6628K, capacity 7171K, committed 7296K, reserved 1048576K
}
Event: 5.384 GC heap after
{Heap after GC invocations=12 (full 0):
 garbage-first heap   total 155648K, used 60332K [0x0000000080000000, 0x0000000100000000)
  region size 1024K, 4 young (4096K), 4 survivors (4096K)
 Metaspace       used 51303K, capacity 52887K, committed 53120K, reserved 1095680K
  class space    used 6628K, capacity 7171K, committed 7296K, reserved 1048576K
}
Event: 5.969 GC heap before
{Heap before GC invocations=12 (full 0):
 garbage-first heap   total 155648K, used 124844K [0x0000000080000000, 0x0000000100000000)
  region size 1024K, 64 young (65536K), 4 survivors (4096K)
 Metaspace       used 55630K, capacity 57322K, committed 57600K, reserved 1099776K
  class space    used 7274K, capacity 7857K, committed 7936K, reserved 1048576K
}
Event: 5.975 GC heap after
{Heap after GC invocations=13 (full 0):
 garbage-first heap   total 155648K, used 72383K [0x0000000080000000, 0x0000000100000000)
  region size 1024K, 8 young (8192K), 8 survivors (8192K)
 Metaspace       used 55630K, capacity 57322K, committed 57600K, reserved 1099776K
  class space    used 7274K, capacity 7857K, committed 7936K, reserved 1048576K
}
Event: 6.172 GC heap before
{Heap before GC invocations=13 (full 0):
 garbage-first heap   total 155648K, used 91839K [0x0000000080000000, 0x0000000100000000)
  region size 1024K, 28 young (28672K), 8 survivors (8192K)
 Metaspace       used 58413K, capacity 60097K, committed 60160K, reserved 1101824K
  class space    used 7589K, capacity 8183K, committed 8192K, reserved 1048576K
}
Event: 6.177 GC heap after
{Heap after GC invocations=14 (full 0):
 garbage-first heap   total 155648K, used 74866K [0x0000000080000000, 0x0000000100000000)
  region size 1024K, 2 young (2048K), 2 survivors (2048K)
 Metaspace       used 58413K, capacity 60097K, committed 60160K, reserved 1101824K
  class space    used 7589K, capacity 8183K, committed 8192K, reserved 1048576K
}
Event: 6.620 GC heap before
{Heap before GC invocations=15 (full 0):
 garbage-first heap   total 155648K, used 112754K [0x0000000080000000, 0x0000000100000000)
  region size 1024K, 39 young (39936K), 2 survivors (2048K)
 Metaspace       used 63858K, capacity 65666K, committed 65740K, reserved 1105920K
  class space    used 8265K, capacity 8887K, committed 8908K, reserved 1048576K
}
Event: 6.624 GC heap after
{Heap after GC invocations=16 (full 0):
 garbage-first heap   total 155648K, used 75593K [0x0000000080000000, 0x0000000100000000)
  region size 1024K, 3 young (3072K), 3 survivors (3072K)
 Metaspace       used 63858K, capacity 65666K, committed 65740K, reserved 1105920K
  class space    used 8265K, capacity 8887K, committed 8908K, reserved 1048576K
}
Event: 7.064 GC heap before
{Heap before GC invocations=17 (full 0):
 garbage-first heap   total 155648K, used 114505K [0x0000000080000000, 0x0000000100000000)
  region size 1024K, 42 young (43008K), 3 survivors (3072K)
 Metaspace       used 69015K, capacity 70920K, committed 71116K, reserved 1110016K
  class space    used 8868K, capacity 9548K, committed 9676K, reserved 1048576K
}
Event: 7.069 GC heap after
{Heap after GC invocations=18 (full 0):
 garbage-first heap   total 155648K, used 80837K [0x0000000080000000, 0x0000000100000000)
  region size 1024K, 6 young (6144K), 6 survivors (6144K)
 Metaspace       used 69015K, capacity 70920K, committed 71116K, reserved 1110016K
  class space    used 8868K, capacity 9548K, committed 9676K, reserved 1048576K
}
Event: 7.453 GC heap before
{Heap before GC invocations=18 (full 0):
 garbage-first heap   total 155648K, used 118725K [0x0000000080000000, 0x0000000100000000)
  region size 1024K, 43 young (44032K), 6 survivors (6144K)
 Metaspace       used 72268K, capacity 74192K, committed 74316K, reserved 1114112K
  class space    used 9258K, capacity 9950K, committed 10060K, reserved 1048576K
}
Event: 7.460 GC heap after
{Heap after GC invocations=19 (full 0):
 garbage-first heap   total 155648K, used 82899K [0x0000000080000000, 0x0000000100000000)
  region size 1024K, 3 young (3072K), 3 survivors (3072K)
 Metaspace       used 72268K, capacity 74192K, committed 74316K, reserved 1114112K
  class space    used 9258K, capacity 9950K, committed 10060K, reserved 1048576K
}
Event: 7.789 GC heap before
{Heap before GC invocations=20 (full 0):
 garbage-first heap   total 155648K, used 120787K [0x0000000080000000, 0x0000000100000000)
  region size 1024K, 40 young (40960K), 3 survivors (3072K)
 Metaspace       used 73874K, capacity 75892K, committed 76108K, reserved 1116160K
  class space    used 9502K, capacity 10206K, committed 10316K, reserved 1048576K
}
Event: 7.794 GC heap after
{Heap after GC invocations=21 (full 0):
 garbage-first heap   total 187392K, used 85077K [0x0000000080000000, 0x0000000100000000)
  region size 1024K, 5 young (5120K), 5 survivors (5120K)
 Metaspace       used 73874K, capacity 75892K, committed 76108K, reserved 1116160K
  class space    used 9502K, capacity 10206K, committed 10316K, reserved 1048576K
}

