# JRE version: OpenJDK Runtime Environment (11.0.12+7) (build 11.0.12+7-b1504.28-7817840)
# Java VM: OpenJDK 64-Bit Server VM (11.0.12+7-b1504.28-7817840, mixed mode, tiered, compressed oops, g1 gc, windows-amd64)
Heap:
 garbage-first heap   total 638976K, used 170609K [0x0000000080000000, 0x0000000100000000)
  region size 1024K, 2 young (2048K), 2 survivors (2048K)
 Metaspace       used 108175K, capacity 110935K, committed 111224K, reserved 1144832K
  class space    used 13845K, capacity 14890K, committed 14968K, reserved 1048576K
GC Heap History (20 events):
Event: 12.024 GC heap after
{Heap after GC invocations=29 (full 0):
 garbage-first heap   total 225280K, used 111730K [0x0000000080000000, 0x0000000100000000)
  region size 1024K, 6 young (6144K), 6 survivors (6144K)
 Metaspace       used 92428K, capacity 94664K, committed 95096K, reserved 1132544K
  class space    used 11676K, capacity 12522K, committed 12664K, reserved 1048576K
}
Event: 12.049 GC heap before
{Heap before GC invocations=29 (full 0):
 garbage-first heap   total 225280K, used 115826K [0x0000000080000000, 0x0000000100000000)
  region size 1024K, 11 young (11264K), 6 survivors (6144K)
 Metaspace       used 92580K, capacity 94825K, committed 95096K, reserved 1132544K
  class space    used 11688K, capacity 12554K, committed 12664K, reserved 1048576K
}
Event: 12.055 GC heap after
{Heap after GC invocations=30 (full 0):
 garbage-first heap   total 225280K, used 101471K [0x0000000080000000, 0x0000000100000000)
  region size 1024K, 2 young (2048K), 2 survivors (2048K)
 Metaspace       used 92580K, capacity 94825K, committed 95096K, reserved 1132544K
  class space    used 11688K, capacity 12554K, committed 12664K, reserved 1048576K
}
Event: 12.219 GC heap before
{Heap before GC invocations=30 (full 0):
 garbage-first heap   total 225280K, used 125023K [0x0000000080000000, 0x0000000100000000)
  region size 1024K, 26 young (26624K), 2 survivors (2048K)
 Metaspace       used 92848K, capacity 95126K, committed 95352K, reserved 1132544K
  class space    used 11694K, capacity 12556K, committed 12664K, reserved 1048576K
}
Event: 12.229 GC heap after
{Heap after GC invocations=31 (full 0):
 garbage-first heap   total 270336K, used 104284K [0x0000000080000000, 0x0000000100000000)
  region size 1024K, 4 young (4096K), 4 survivors (4096K)
 Metaspace       used 92848K, capacity 95126K, committed 95352K, reserved 1132544K
  class space    used 11694K, capacity 12556K, committed 12664K, reserved 1048576K
}
Event: 12.716 GC heap before
{Heap before GC invocations=32 (full 0):
 garbage-first heap   total 270336K, used 173916K [0x0000000080000000, 0x0000000100000000)
  region size 1024K, 72 young (73728K), 4 survivors (4096K)
 Metaspace       used 94270K, capacity 96587K, committed 96760K, reserved 1132544K
  class space    used 11870K, capacity 12744K, committed 12792K, reserved 1048576K
}
Event: 12.724 GC heap after
{Heap after GC invocations=33 (full 0):
 garbage-first heap   total 270336K, used 108896K [0x0000000080000000, 0x0000000100000000)
  region size 1024K, 9 young (9216K), 9 survivors (9216K)
 Metaspace       used 94270K, capacity 96587K, committed 96760K, reserved 1132544K
  class space    used 11870K, capacity 12744K, committed 12792K, reserved 1048576K
}
Event: 12.735 GC heap before
{Heap before GC invocations=33 (full 0):
 garbage-first heap   total 270336K, used 111968K [0x0000000080000000, 0x0000000100000000)
  region size 1024K, 13 young (13312K), 9 survivors (9216K)
 Metaspace       used 94271K, capacity 96587K, committed 96760K, reserved 1132544K
  class space    used 11870K, capacity 12744K, committed 12792K, reserved 1048576K
}
Event: 12.742 GC heap after
{Heap after GC invocations=34 (full 0):
 garbage-first heap   total 270336K, used 103075K [0x0000000080000000, 0x0000000100000000)
  region size 1024K, 2 young (2048K), 2 survivors (2048K)
 Metaspace       used 94271K, capacity 96587K, committed 96760K, reserved 1132544K
  class space    used 11870K, capacity 12744K, committed 12792K, reserved 1048576K
}
Event: 13.000 GC heap before
{Heap before GC invocations=34 (full 0):
 garbage-first heap   total 270336K, used 176803K [0x0000000080000000, 0x0000000100000000)
  region size 1024K, 75 young (76800K), 2 survivors (2048K)
 Metaspace       used 95438K, capacity 97853K, committed 97912K, reserved 1134592K
  class space    used 11999K, capacity 12872K, committed 12920K, reserved 1048576K
}
Event: 13.005 GC heap after
{Heap after GC invocations=35 (full 0):
 garbage-first heap   total 270336K, used 108161K [0x0000000080000000, 0x0000000100000000)
  region size 1024K, 7 young (7168K), 7 survivors (7168K)
 Metaspace       used 95438K, capacity 97853K, committed 97912K, reserved 1134592K
  class space    used 11999K, capacity 12872K, committed 12920K, reserved 1048576K
}
Event: 13.354 GC heap before
{Heap before GC invocations=35 (full 0):
 garbage-first heap   total 270336K, used 193153K [0x0000000080000000, 0x0000000100000000)
  region size 1024K, 83 young (84992K), 7 survivors (7168K)
 Metaspace       used 100823K, capacity 103257K, committed 103544K, reserved 1138688K
  class space    used 12718K, capacity 13619K, committed 13688K, reserved 1048576K
}
Event: 13.360 GC heap after
{Heap after GC invocations=36 (full 0):
 garbage-first heap   total 324608K, used 117993K [0x0000000080000000, 0x0000000100000000)
  region size 1024K, 6 young (6144K), 6 survivors (6144K)
 Metaspace       used 100823K, capacity 103257K, committed 103544K, reserved 1138688K
  class space    used 12718K, capacity 13619K, committed 13688K, reserved 1048576K
}
Event: 13.989 GC heap before
{Heap before GC invocations=36 (full 0):
 garbage-first heap   total 324608K, used 260329K [0x0000000080000000, 0x0000000100000000)
  region size 1024K, 132 young (135168K), 6 survivors (6144K)
 Metaspace       used 104871K, capacity 107413K, committed 107640K, reserved 1142784K
  class space    used 13390K, capacity 14351K, committed 14456K, reserved 1048576K
}
Event: 14.026 GC heap after
{Heap after GC invocations=37 (full 0):
 garbage-first heap   total 324608K, used 172791K [0x0000000080000000, 0x0000000100000000)
  region size 1024K, 17 young (17408K), 17 survivors (17408K)
 Metaspace       used 104871K, capacity 107413K, committed 107640K, reserved 1142784K
  class space    used 13390K, capacity 14351K, committed 14456K, reserved 1048576K
}
Event: 14.261 GC heap before
{Heap before GC invocations=37 (full 0):
 garbage-first heap   total 324608K, used 199415K [0x0000000080000000, 0x0000000100000000)
  region size 1024K, 43 young (44032K), 17 survivors (17408K)
 Metaspace       used 106773K, capacity 109315K, committed 109432K, reserved 1144832K
  class space    used 13646K, capacity 14618K, committed 14712K, reserved 1048576K
}
Event: 14.317 GC heap after
{Heap after GC invocations=38 (full 0):
 garbage-first heap   total 324608K, used 183296K [0x0000000080000000, 0x0000000100000000)
  region size 1024K, 6 young (6144K), 6 survivors (6144K)
 Metaspace       used 106773K, capacity 109315K, committed 109432K, reserved 1144832K
  class space    used 13646K, capacity 14618K, committed 14712K, reserved 1048576K
}
Event: 14.755 GC heap before
{Heap before GC invocations=39 (full 0):
 garbage-first heap   total 324608K, used 226304K [0x0000000080000000, 0x0000000100000000)
  region size 1024K, 56 young (57344K), 6 survivors (6144K)
 Metaspace       used 107922K, capacity 110702K, committed 110968K, reserved 1144832K
  class space    used 13823K, capacity 14882K, committed 14968K, reserved 1048576K
}
Event: 14.767 GC heap after
{Heap after GC invocations=40 (full 0):
 garbage-first heap   total 324608K, used 185140K [0x0000000080000000, 0x0000000100000000)
  region size 1024K, 7 young (7168K), 7 survivors (7168K)
 Metaspace       used 107922K, capacity 110702K, committed 110968K, reserved 1144832K
  class space    used 13823K, capacity 14882K, committed 14968K, reserved 1048576K
}
Event: 14.820 GC heap before
{Heap before GC invocations=40 (full 0):
 garbage-first heap   total 324608K, used 193332K [0x0000000080000000, 0x0000000100000000)
  region size 1024K, 15 young (15360K), 7 survivors (7168K)
 Metaspace       used 108175K, capacity 110935K, committed 111224K, reserved 1144832K
  class space    used 13845K, capacity 14890K, committed 14968K, reserved 1048576K
}

