# JRE version: OpenJDK Runtime Environment (11.0.12+7) (build 11.0.12+7-b1504.28-7817840)
# Java VM: OpenJDK 64-Bit Server VM (11.0.12+7-b1504.28-7817840, mixed mode, tiered, compressed oops, g1 gc, windows-amd64)
Heap:
 garbage-first heap   total 646144K, used 272525K [0x0000000080000000, 0x0000000100000000)
  region size 1024K, 6 young (6144K), 6 survivors (6144K)
 Metaspace       used 236568K, capacity 242981K, committed 243064K, reserved 1261568K
  class space    used 29309K, capacity 31571K, committed 31608K, reserved 1048576K
GC Heap History (20 events):
Event: 1259.438 GC heap after
{Heap after GC invocations=98 (full 0):
 garbage-first heap   total 351232K, used 208994K [0x0000000080000000, 0x0000000100000000)
  region size 1024K, 3 young (3072K), 3 survivors (3072K)
 Metaspace       used 223206K, capacity 228834K, committed 229112K, reserved 1249280K
  class space    used 27390K, capacity 29361K, committed 29432K, reserved 1048576K
}
Event: 1259.997 GC heap before
{Heap before GC invocations=98 (full 0):
 garbage-first heap   total 351232K, used 265314K [0x0000000080000000, 0x0000000100000000)
  region size 1024K, 59 young (60416K), 3 survivors (3072K)
 Metaspace       used 224169K, capacity 229868K, committed 230008K, reserved 1249280K
  class space    used 27506K, capacity 29487K, committed 29560K, reserved 1048576K
}
Event: 1260.007 GC heap after
{Heap after GC invocations=99 (full 0):
 garbage-first heap   total 351232K, used 211518K [0x0000000080000000, 0x0000000100000000)
  region size 1024K, 5 young (5120K), 5 survivors (5120K)
 Metaspace       used 224169K, capacity 229868K, committed 230008K, reserved 1249280K
  class space    used 27506K, capacity 29487K, committed 29560K, reserved 1048576K
}
Event: 1260.471 GC heap before
{Heap before GC invocations=100 (full 0):
 garbage-first heap   total 351232K, used 270910K [0x0000000080000000, 0x0000000100000000)
  region size 1024K, 64 young (65536K), 5 survivors (5120K)
 Metaspace       used 224446K, capacity 230231K, committed 230392K, reserved 1249280K
  class space    used 27550K, capacity 29541K, committed 29688K, reserved 1048576K
}
Event: 1260.479 GC heap after
{Heap after GC invocations=101 (full 0):
 garbage-first heap   total 351232K, used 217059K [0x0000000080000000, 0x0000000100000000)
  region size 1024K, 8 young (8192K), 8 survivors (8192K)
 Metaspace       used 224446K, capacity 230231K, committed 230392K, reserved 1249280K
  class space    used 27550K, capacity 29541K, committed 29688K, reserved 1048576K
}
Event: 1260.502 GC heap before
{Heap before GC invocations=101 (full 0):
 garbage-first heap   total 351232K, used 225251K [0x0000000080000000, 0x0000000100000000)
  region size 1024K, 17 young (17408K), 8 survivors (8192K)
 Metaspace       used 224497K, capacity 230231K, committed 230392K, reserved 1249280K
  class space    used 27554K, capacity 29541K, committed 29688K, reserved 1048576K
}
Event: 1260.512 GC heap after
{Heap after GC invocations=102 (full 0):
 garbage-first heap   total 351232K, used 208136K [0x0000000080000000, 0x0000000100000000)
  region size 1024K, 2 young (2048K), 2 survivors (2048K)
 Metaspace       used 224497K, capacity 230231K, committed 230392K, reserved 1249280K
  class space    used 27554K, capacity 29541K, committed 29688K, reserved 1048576K
}
Event: 1260.658 GC heap before
{Heap before GC invocations=102 (full 0):
 garbage-first heap   total 351232K, used 242952K [0x0000000080000000, 0x0000000100000000)
  region size 1024K, 38 young (38912K), 2 survivors (2048K)
 Metaspace       used 224588K, capacity 230311K, committed 230648K, reserved 1251328K
  class space    used 27560K, capacity 29547K, committed 29688K, reserved 1048576K
}
Event: 1260.664 GC heap after
{Heap after GC invocations=103 (full 0):
 garbage-first heap   total 421888K, used 208344K [0x0000000080000000, 0x0000000100000000)
  region size 1024K, 2 young (2048K), 2 survivors (2048K)
 Metaspace       used 224588K, capacity 230311K, committed 230648K, reserved 1251328K
  class space    used 27560K, capacity 29547K, committed 29688K, reserved 1048576K
}
Event: 1261.032 GC heap before
{Heap before GC invocations=104 (full 0):
 garbage-first heap   total 421888K, used 308696K [0x0000000080000000, 0x0000000100000000)
  region size 1024K, 99 young (101376K), 2 survivors (2048K)
 Metaspace       used 228742K, capacity 234663K, committed 234872K, reserved 1253376K
  class space    used 28137K, capacity 30189K, committed 30328K, reserved 1048576K
}
Event: 1261.040 GC heap after
{Heap after GC invocations=105 (full 0):
 garbage-first heap   total 421888K, used 229211K [0x0000000080000000, 0x0000000100000000)
  region size 1024K, 13 young (13312K), 13 survivors (13312K)
 Metaspace       used 228742K, capacity 234663K, committed 234872K, reserved 1253376K
  class space    used 28137K, capacity 30189K, committed 30328K, reserved 1048576K
}
Event: 1261.288 GC heap before
{Heap before GC invocations=105 (full 0):
 garbage-first heap   total 421888K, used 318299K [0x0000000080000000, 0x0000000100000000)
  region size 1024K, 101 young (103424K), 13 survivors (13312K)
 Metaspace       used 231392K, capacity 237408K, committed 237560K, reserved 1255424K
  class space    used 28503K, capacity 30620K, committed 30712K, reserved 1048576K
}
Event: 1261.319 GC heap after
{Heap after GC invocations=106 (full 0):
 garbage-first heap   total 421888K, used 239164K [0x0000000080000000, 0x0000000100000000)
  region size 1024K, 13 young (13312K), 13 survivors (13312K)
 Metaspace       used 231392K, capacity 237408K, committed 237560K, reserved 1255424K
  class space    used 28503K, capacity 30620K, committed 30712K, reserved 1048576K
}
Event: 1261.518 GC heap before
{Heap before GC invocations=106 (full 0):
 garbage-first heap   total 421888K, used 324156K [0x0000000080000000, 0x0000000100000000)
  region size 1024K, 97 young (99328K), 13 survivors (13312K)
 Metaspace       used 232883K, capacity 238966K, committed 239096K, reserved 1257472K
  class space    used 28754K, capacity 30902K, committed 30968K, reserved 1048576K
}
Event: 1261.536 GC heap after
{Heap after GC invocations=107 (full 0):
 garbage-first heap   total 421888K, used 254365K [0x0000000080000000, 0x0000000100000000)
  region size 1024K, 13 young (13312K), 13 survivors (13312K)
 Metaspace       used 232883K, capacity 238966K, committed 239096K, reserved 1257472K
  class space    used 28754K, capacity 30902K, committed 30968K, reserved 1048576K
}
Event: 1261.756 GC heap before
{Heap before GC invocations=108 (full 0):
 garbage-first heap   total 421888K, used 332189K [0x0000000080000000, 0x0000000100000000)
  region size 1024K, 91 young (93184K), 13 survivors (13312K)
 Metaspace       used 234415K, capacity 240615K, committed 240760K, reserved 1259520K
  class space    used 29029K, capacity 31218K, committed 31352K, reserved 1048576K
}
Event: 1261.783 GC heap after
{Heap after GC invocations=109 (full 0):
 garbage-first heap   total 421888K, used 266557K [0x0000000080000000, 0x0000000100000000)
  region size 1024K, 12 young (12288K), 12 survivors (12288K)
 Metaspace       used 234415K, capacity 240615K, committed 240760K, reserved 1259520K
  class space    used 29029K, capacity 31218K, committed 31352K, reserved 1048576K
}
Event: 1261.805 GC heap before
{Heap before GC invocations=109 (full 0):
 garbage-first heap   total 421888K, used 274749K [0x0000000080000000, 0x0000000100000000)
  region size 1024K, 20 young (20480K), 12 survivors (12288K)
 Metaspace       used 234574K, capacity 240791K, committed 241016K, reserved 1259520K
  class space    used 29060K, capacity 31255K, committed 31352K, reserved 1048576K
}
Event: 1261.821 GC heap after
{Heap after GC invocations=110 (full 0):
 garbage-first heap   total 421888K, used 269310K [0x0000000080000000, 0x0000000100000000)
  region size 1024K, 3 young (3072K), 3 survivors (3072K)
 Metaspace       used 234574K, capacity 240791K, committed 241016K, reserved 1259520K
  class space    used 29060K, capacity 31255K, committed 31352K, reserved 1048576K
}
Event: 1262.082 GC heap before
{Heap before GC invocations=110 (full 0):
 garbage-first heap   total 421888K, used 342014K [0x0000000080000000, 0x0000000100000000)
  region size 1024K, 74 young (75776K), 3 survivors (3072K)
 Metaspace       used 236568K, capacity 242981K, committed 243064K, reserved 1261568K
  class space    used 29309K, capacity 31571K, committed 31608K, reserved 1048576K
}

