# JRE version: OpenJDK Runtime Environment (11.0.12+7) (build 11.0.12+7-b1504.28-7817840)
# Java VM: OpenJDK 64-Bit Server VM (11.0.12+7-b1504.28-7817840, mixed mode, tiered, compressed oops, g1 gc, windows-amd64)
Heap:
 garbage-first heap   total 327680K, used 184678K [0x0000000080000000, 0x0000000100000000)
  region size 1024K, 9 young (9216K), 2 survivors (2048K)
 Metaspace       used 105537K, capacity 108267K, committed 108352K, reserved 1142784K
  class space    used 13640K, capacity 14648K, committed 14712K, reserved 1048576K
GC Heap History (20 events):
Event: 10.988 GC heap before
{Heap before GC invocations=23 (full 0):
 garbage-first heap   total 225280K, used 179741K [0x0000000080000000, 0x0000000100000000)
  region size 1024K, 93 young (95232K), 7 survivors (7168K)
 Metaspace       used 97434K, capacity 99933K, committed 100216K, reserved 1136640K
  class space    used 12496K, capacity 13384K, committed 13432K, reserved 1048576K
}
Event: 10.997 GC heap after
{Heap after GC invocations=24 (full 0):
 garbage-first heap   total 225280K, used 98956K [0x0000000080000000, 0x0000000100000000)
  region size 1024K, 12 young (12288K), 12 survivors (12288K)
 Metaspace       used 97434K, capacity 99933K, committed 100216K, reserved 1136640K
  class space    used 12496K, capacity 13384K, committed 13432K, reserved 1048576K
}
Event: 11.010 GC heap before
{Heap before GC invocations=24 (full 0):
 garbage-first heap   total 225280K, used 101004K [0x0000000080000000, 0x0000000100000000)
  region size 1024K, 15 young (15360K), 12 survivors (12288K)
 Metaspace       used 97761K, capacity 100163K, committed 100344K, reserved 1136640K
  class space    used 12538K, capacity 13418K, committed 13560K, reserved 1048576K
}
Event: 11.018 GC heap after
{Heap after GC invocations=25 (full 0):
 garbage-first heap   total 225280K, used 100117K [0x0000000080000000, 0x0000000100000000)
  region size 1024K, 2 young (2048K), 2 survivors (2048K)
 Metaspace       used 97761K, capacity 100163K, committed 100344K, reserved 1136640K
  class space    used 12538K, capacity 13418K, committed 13560K, reserved 1048576K
}
Event: 11.316 GC heap before
{Heap before GC invocations=26 (full 0):
 garbage-first heap   total 225280K, used 162581K [0x0000000080000000, 0x0000000100000000)
  region size 1024K, 52 young (53248K), 2 survivors (2048K)
 Metaspace       used 99333K, capacity 101664K, committed 102208K, reserved 1138688K
  class space    used 12692K, capacity 13514K, committed 13688K, reserved 1048576K
}
Event: 11.329 GC heap after
{Heap after GC invocations=27 (full 0):
 garbage-first heap   total 225280K, used 120988K [0x0000000080000000, 0x0000000100000000)
  region size 1024K, 7 young (7168K), 7 survivors (7168K)
 Metaspace       used 99333K, capacity 101664K, committed 102208K, reserved 1138688K
  class space    used 12692K, capacity 13514K, committed 13688K, reserved 1048576K
}
Event: 11.606 GC heap before
{Heap before GC invocations=28 (full 0):
 garbage-first heap   total 225280K, used 161948K [0x0000000080000000, 0x0000000100000000)
  region size 1024K, 47 young (48128K), 7 survivors (7168K)
 Metaspace       used 101736K, capacity 104193K, committed 104512K, reserved 1140736K
  class space    used 13160K, capacity 14039K, committed 14200K, reserved 1048576K
}
Event: 11.626 GC heap after
{Heap after GC invocations=29 (full 0):
 garbage-first heap   total 225280K, used 138240K [0x0000000080000000, 0x0000000100000000)
  region size 1024K, 6 young (6144K), 6 survivors (6144K)
 Metaspace       used 101736K, capacity 104193K, committed 104512K, reserved 1140736K
  class space    used 13160K, capacity 14039K, committed 14200K, reserved 1048576K
}
Event: 11.699 GC heap before
{Heap before GC invocations=29 (full 0):
 garbage-first heap   total 225280K, used 168960K [0x0000000080000000, 0x0000000100000000)
  region size 1024K, 37 young (37888K), 6 survivors (6144K)
 Metaspace       used 101782K, capacity 104199K, committed 104512K, reserved 1140736K
  class space    used 13160K, capacity 14039K, committed 14200K, reserved 1048576K
}
Event: 11.718 GC heap after
{Heap after GC invocations=30 (full 0):
 garbage-first heap   total 225280K, used 154624K [0x0000000080000000, 0x0000000100000000)
  region size 1024K, 5 young (5120K), 5 survivors (5120K)
 Metaspace       used 101782K, capacity 104199K, committed 104512K, reserved 1140736K
  class space    used 13160K, capacity 14039K, committed 14200K, reserved 1048576K
}
Event: 11.811 GC heap before
{Heap before GC invocations=30 (full 0):
 garbage-first heap   total 225280K, used 177152K [0x0000000080000000, 0x0000000100000000)
  region size 1024K, 27 young (27648K), 5 survivors (5120K)
 Metaspace       used 101885K, capacity 104300K, committed 104512K, reserved 1140736K
  class space    used 13169K, capacity 14072K, committed 14200K, reserved 1048576K
}
Event: 11.823 GC heap after
{Heap after GC invocations=31 (full 0):
 garbage-first heap   total 272384K, used 166912K [0x0000000080000000, 0x0000000100000000)
  region size 1024K, 4 young (4096K), 4 survivors (4096K)
 Metaspace       used 101885K, capacity 104300K, committed 104512K, reserved 1140736K
  class space    used 13169K, capacity 14072K, committed 14200K, reserved 1048576K
}
Event: 12.212 GC heap before
{Heap before GC invocations=32 (full 0):
 garbage-first heap   total 272384K, used 201728K [0x0000000080000000, 0x0000000100000000)
  region size 1024K, 39 young (39936K), 4 survivors (4096K)
 Metaspace       used 104552K, capacity 107191K, committed 107456K, reserved 1142784K
  class space    used 13541K, capacity 14516K, committed 14584K, reserved 1048576K
}
Event: 12.223 GC heap after
{Heap after GC invocations=33 (full 0):
 garbage-first heap   total 272384K, used 172563K [0x0000000080000000, 0x0000000100000000)
  region size 1024K, 5 young (5120K), 5 survivors (5120K)
 Metaspace       used 104552K, capacity 107191K, committed 107456K, reserved 1142784K
  class space    used 13541K, capacity 14516K, committed 14584K, reserved 1048576K
}
Event: 12.458 GC heap before
{Heap before GC invocations=33 (full 0):
 garbage-first heap   total 272384K, used 207379K [0x0000000080000000, 0x0000000100000000)
  region size 1024K, 39 young (39936K), 5 survivors (5120K)
 Metaspace       used 105150K, capacity 107858K, committed 108096K, reserved 1142784K
  class space    used 13610K, capacity 14604K, committed 14712K, reserved 1048576K
}
Event: 12.470 GC heap after
{Heap after GC invocations=34 (full 0):
 garbage-first heap   total 272384K, used 176556K [0x0000000080000000, 0x0000000100000000)
  region size 1024K, 4 young (4096K), 4 survivors (4096K)
 Metaspace       used 105150K, capacity 107858K, committed 108096K, reserved 1142784K
  class space    used 13610K, capacity 14604K, committed 14712K, reserved 1048576K
}
Event: 13.285 GC heap before
{Heap before GC invocations=35 (full 0):
 garbage-first heap   total 272384K, used 217516K [0x0000000080000000, 0x0000000100000000)
  region size 1024K, 40 young (40960K), 4 survivors (4096K)
 Metaspace       used 105383K, capacity 108068K, committed 108352K, reserved 1142784K
  class space    used 13626K, capacity 14603K, committed 14712K, reserved 1048576K
}
Event: 13.298 GC heap after
{Heap after GC invocations=36 (full 0):
 garbage-first heap   total 272384K, used 182912K [0x0000000080000000, 0x0000000100000000)
  region size 1024K, 3 young (3072K), 3 survivors (3072K)
 Metaspace       used 105383K, capacity 108068K, committed 108352K, reserved 1142784K
  class space    used 13626K, capacity 14603K, committed 14712K, reserved 1048576K
}
Event: 13.436 GC heap before
{Heap before GC invocations=36 (full 0):
 garbage-first heap   total 272384K, used 193152K [0x0000000080000000, 0x0000000100000000)
  region size 1024K, 13 young (13312K), 3 survivors (3072K)
 Metaspace       used 105465K, capacity 108151K, committed 108352K, reserved 1142784K
  class space    used 13632K, capacity 14609K, committed 14712K, reserved 1048576K
}
Event: 13.448 GC heap after
{Heap after GC invocations=37 (full 0):
 garbage-first heap   total 327680K, used 178534K [0x0000000080000000, 0x0000000100000000)
  region size 1024K, 2 young (2048K), 2 survivors (2048K)
 Metaspace       used 105465K, capacity 108151K, committed 108352K, reserved 1142784K
  class space    used 13632K, capacity 14609K, committed 14712K, reserved 1048576K
}

