# JRE version: OpenJDK Runtime Environment (11.0.12+7) (build 11.0.12+7-b1504.28-7817840)
# Java VM: OpenJDK 64-Bit Server VM (11.0.12+7-b1504.28-7817840, mixed mode, tiered, compressed oops, g1 gc, windows-amd64)
Heap:
 garbage-first heap   total 446464K, used 178497K [0x0000000080000000, 0x0000000100000000)
  region size 1024K, 6 young (6144K), 6 survivors (6144K)
 Metaspace       used 108314K, capacity 111379K, committed 111608K, reserved 1146880K
  class space    used 13916K, capacity 15061K, committed 15096K, reserved 1048576K
GC Heap History (20 events):
Event: 14.167 GC heap after
{Heap after GC invocations=34 (full 0):
 garbage-first heap   total 225280K, used 105953K [0x0000000080000000, 0x0000000100000000)
  region size 1024K, 3 young (3072K), 3 survivors (3072K)
 Metaspace       used 103925K, capacity 106512K, committed 107000K, reserved 1142784K
  class space    used 13406K, capacity 14369K, committed 14584K, reserved 1048576K
}
Event: 14.475 GC heap before
{Heap before GC invocations=34 (full 0):
 garbage-first heap   total 225280K, used 192993K [0x0000000080000000, 0x0000000100000000)
  region size 1024K, 88 young (90112K), 3 survivors (3072K)
 Metaspace       used 103930K, capacity 106516K, committed 107000K, reserved 1142784K
  class space    used 13407K, capacity 14370K, committed 14584K, reserved 1048576K
}
Event: 14.478 GC heap after
{Heap after GC invocations=35 (full 0):
 garbage-first heap   total 225280K, used 106510K [0x0000000080000000, 0x0000000100000000)
  region size 1024K, 4 young (4096K), 4 survivors (4096K)
 Metaspace       used 103930K, capacity 106516K, committed 107000K, reserved 1142784K
  class space    used 13407K, capacity 14370K, committed 14584K, reserved 1048576K
}
Event: 14.826 GC heap before
{Heap before GC invocations=36 (full 0):
 garbage-first heap   total 225280K, used 193550K [0x0000000080000000, 0x0000000100000000)
  region size 1024K, 89 young (91136K), 4 survivors (4096K)
 Metaspace       used 104208K, capacity 106869K, committed 107256K, reserved 1142784K
  class space    used 13450K, capacity 14442K, committed 14584K, reserved 1048576K
}
Event: 14.832 GC heap after
{Heap after GC invocations=37 (full 0):
 garbage-first heap   total 225280K, used 106962K [0x0000000080000000, 0x0000000100000000)
  region size 1024K, 4 young (4096K), 4 survivors (4096K)
 Metaspace       used 104208K, capacity 106869K, committed 107256K, reserved 1142784K
  class space    used 13450K, capacity 14442K, committed 14584K, reserved 1048576K
}
Event: 14.905 GC heap before
{Heap before GC invocations=37 (full 0):
 garbage-first heap   total 225280K, used 114130K [0x0000000080000000, 0x0000000100000000)
  region size 1024K, 11 young (11264K), 4 survivors (4096K)
 Metaspace       used 104736K, capacity 107439K, committed 107768K, reserved 1142784K
  class space    used 13515K, capacity 14524K, committed 14584K, reserved 1048576K
}
Event: 14.910 GC heap after
{Heap after GC invocations=38 (full 0):
 garbage-first heap   total 225280K, used 107142K [0x0000000080000000, 0x0000000100000000)
  region size 1024K, 2 young (2048K), 2 survivors (2048K)
 Metaspace       used 104736K, capacity 107439K, committed 107768K, reserved 1142784K
  class space    used 13515K, capacity 14524K, committed 14584K, reserved 1048576K
}
Event: 15.070 GC heap before
{Heap before GC invocations=38 (full 0):
 garbage-first heap   total 225280K, used 122502K [0x0000000080000000, 0x0000000100000000)
  region size 1024K, 18 young (18432K), 2 survivors (2048K)
 Metaspace       used 105338K, capacity 108007K, committed 108152K, reserved 1142784K
  class space    used 13577K, capacity 14597K, committed 14712K, reserved 1048576K
}
Event: 15.076 GC heap after
{Heap after GC invocations=39 (full 0):
 garbage-first heap   total 225280K, used 108632K [0x0000000080000000, 0x0000000100000000)
  region size 1024K, 4 young (4096K), 4 survivors (4096K)
 Metaspace       used 105338K, capacity 108007K, committed 108152K, reserved 1142784K
  class space    used 13577K, capacity 14597K, committed 14712K, reserved 1048576K
}
Event: 15.493 GC heap before
{Heap before GC invocations=40 (full 0):
 garbage-first heap   total 225280K, used 197720K [0x0000000080000000, 0x0000000100000000)
  region size 1024K, 71 young (72704K), 4 survivors (4096K)
 Metaspace       used 106765K, capacity 109594K, committed 109944K, reserved 1144832K
  class space    used 13749K, capacity 14840K, committed 14968K, reserved 1048576K
}
Event: 15.500 GC heap after
{Heap after GC invocations=41 (full 0):
 garbage-first heap   total 225280K, used 131219K [0x0000000080000000, 0x0000000100000000)
  region size 1024K, 9 young (9216K), 9 survivors (9216K)
 Metaspace       used 106765K, capacity 109594K, committed 109944K, reserved 1144832K
  class space    used 13749K, capacity 14840K, committed 14968K, reserved 1048576K
}
Event: 15.510 GC heap before
{Heap before GC invocations=41 (full 0):
 garbage-first heap   total 225280K, used 133267K [0x0000000080000000, 0x0000000100000000)
  region size 1024K, 11 young (11264K), 9 survivors (9216K)
 Metaspace       used 106809K, capacity 109667K, committed 109944K, reserved 1144832K
  class space    used 13751K, capacity 14842K, committed 14968K, reserved 1048576K
}
Event: 15.517 GC heap after
{Heap after GC invocations=42 (full 0):
 garbage-first heap   total 270336K, used 128753K [0x0000000080000000, 0x0000000100000000)
  region size 1024K, 1 young (1024K), 1 survivors (1024K)
 Metaspace       used 106809K, capacity 109667K, committed 109944K, reserved 1144832K
  class space    used 13751K, capacity 14842K, committed 14968K, reserved 1048576K
}
Event: 15.657 GC heap before
{Heap before GC invocations=42 (full 0):
 garbage-first heap   total 270336K, used 167665K [0x0000000080000000, 0x0000000100000000)
  region size 1024K, 41 young (41984K), 1 survivors (1024K)
 Metaspace       used 107298K, capacity 110235K, committed 110456K, reserved 1144832K
  class space    used 13791K, capacity 14851K, committed 14968K, reserved 1048576K
}
Event: 15.672 GC heap after
{Heap after GC invocations=43 (full 0):
 garbage-first heap   total 270336K, used 140492K [0x0000000080000000, 0x0000000100000000)
  region size 1024K, 10 young (10240K), 10 survivors (10240K)
 Metaspace       used 107298K, capacity 110235K, committed 110456K, reserved 1144832K
  class space    used 13791K, capacity 14851K, committed 14968K, reserved 1048576K
}
Event: 15.950 GC heap before
{Heap before GC invocations=44 (full 0):
 garbage-first heap   total 270336K, used 202956K [0x0000000080000000, 0x0000000100000000)
  region size 1024K, 71 young (72704K), 10 survivors (10240K)
 Metaspace       used 107892K, capacity 110779K, committed 111096K, reserved 1144832K
  class space    used 13848K, capacity 14946K, committed 15096K, reserved 1048576K
}
Event: 15.981 GC heap after
{Heap after GC invocations=45 (full 0):
 garbage-first heap   total 270336K, used 171525K [0x0000000080000000, 0x0000000100000000)
  region size 1024K, 9 young (9216K), 9 survivors (9216K)
 Metaspace       used 107892K, capacity 110779K, committed 111096K, reserved 1144832K
  class space    used 13848K, capacity 14946K, committed 15096K, reserved 1048576K
}
Event: 15.998 GC heap before
{Heap before GC invocations=45 (full 0):
 garbage-first heap   total 270336K, used 174597K [0x0000000080000000, 0x0000000100000000)
  region size 1024K, 13 young (13312K), 9 survivors (9216K)
 Metaspace       used 107895K, capacity 110843K, committed 111096K, reserved 1144832K
  class space    used 13848K, capacity 14946K, committed 15096K, reserved 1048576K
}
Event: 16.011 GC heap after
{Heap after GC invocations=46 (full 0):
 garbage-first heap   total 270336K, used 168960K [0x0000000080000000, 0x0000000100000000)
  region size 1024K, 2 young (2048K), 2 survivors (2048K)
 Metaspace       used 107895K, capacity 110843K, committed 111096K, reserved 1144832K
  class space    used 13848K, capacity 14946K, committed 15096K, reserved 1048576K
}
Event: 16.230 GC heap before
{Heap before GC invocations=46 (full 0):
 garbage-first heap   total 270336K, used 208896K [0x0000000080000000, 0x0000000100000000)
  region size 1024K, 41 young (41984K), 2 survivors (2048K)
 Metaspace       used 108314K, capacity 111379K, committed 111608K, reserved 1146880K
  class space    used 13916K, capacity 15061K, committed 15096K, reserved 1048576K
}

