# JRE version: OpenJDK Runtime Environment (11.0.12+7) (build 11.0.12+7-b1504.28-7817840)
# Java VM: OpenJDK 64-Bit Server VM (11.0.12+7-b1504.28-7817840, mixed mode, tiered, compressed oops, g1 gc, windows-amd64)
Heap:
 garbage-first heap   total 517120K, used 169428K [0x0000000080000000, 0x0000000100000000)
  region size 1024K, 2 young (2048K), 2 survivors (2048K)
 Metaspace       used 106395K, capacity 109048K, committed 109176K, reserved 1144832K
  class space    used 13649K, capacity 14614K, committed 14712K, reserved 1048576K
GC Heap History (20 events):
Event: 10.661 GC heap after
{Heap after GC invocations=25 (full 0):
 garbage-first heap   total 225280K, used 110282K [0x0000000080000000, 0x0000000100000000)
  region size 1024K, 5 young (5120K), 5 survivors (5120K)
 Metaspace       used 90984K, capacity 93174K, committed 93560K, reserved 1130496K
  class space    used 11621K, capacity 12457K, committed 12664K, reserved 1048576K
}
Event: 10.920 GC heap before
{Heap before GC invocations=26 (full 0):
 garbage-first heap   total 225280K, used 172746K [0x0000000080000000, 0x0000000100000000)
  region size 1024K, 56 young (57344K), 5 survivors (5120K)
 Metaspace       used 95823K, capacity 98094K, committed 98424K, reserved 1134592K
  class space    used 12172K, capacity 13030K, committed 13176K, reserved 1048576K
}
Event: 10.927 GC heap after
{Heap after GC invocations=27 (full 0):
 garbage-first heap   total 225280K, used 128415K [0x0000000080000000, 0x0000000100000000)
  region size 1024K, 7 young (7168K), 7 survivors (7168K)
 Metaspace       used 95823K, capacity 98094K, committed 98424K, reserved 1134592K
  class space    used 12172K, capacity 13030K, committed 13176K, reserved 1048576K
}
Event: 10.971 GC heap before
{Heap before GC invocations=27 (full 0):
 garbage-first heap   total 225280K, used 132511K [0x0000000080000000, 0x0000000100000000)
  region size 1024K, 11 young (11264K), 7 survivors (7168K)
 Metaspace       used 95915K, capacity 98222K, committed 98424K, reserved 1134592K
  class space    used 12176K, capacity 13030K, committed 13176K, reserved 1048576K
}
Event: 10.976 GC heap after
{Heap after GC invocations=28 (full 0):
 garbage-first heap   total 225280K, used 124353K [0x0000000080000000, 0x0000000100000000)
  region size 1024K, 2 young (2048K), 2 survivors (2048K)
 Metaspace       used 95915K, capacity 98222K, committed 98424K, reserved 1134592K
  class space    used 12176K, capacity 13030K, committed 13176K, reserved 1048576K
}
Event: 11.128 GC heap before
{Heap before GC invocations=28 (full 0):
 garbage-first heap   total 225280K, used 168385K [0x0000000080000000, 0x0000000100000000)
  region size 1024K, 46 young (47104K), 2 survivors (2048K)
 Metaspace       used 96275K, capacity 98483K, committed 98680K, reserved 1134592K
  class space    used 12204K, capacity 13041K, committed 13176K, reserved 1048576K
}
Event: 11.140 GC heap after
{Heap after GC invocations=29 (full 0):
 garbage-first heap   total 225280K, used 133334K [0x0000000080000000, 0x0000000100000000)
  region size 1024K, 6 young (6144K), 6 survivors (6144K)
 Metaspace       used 96275K, capacity 98483K, committed 98680K, reserved 1134592K
  class space    used 12204K, capacity 13041K, committed 13176K, reserved 1048576K
}
Event: 11.354 GC heap before
{Heap before GC invocations=30 (full 0):
 garbage-first heap   total 225280K, used 171222K [0x0000000080000000, 0x0000000100000000)
  region size 1024K, 46 young (47104K), 6 survivors (6144K)
 Metaspace       used 98456K, capacity 100798K, committed 101112K, reserved 1136640K
  class space    used 12601K, capacity 13443K, committed 13560K, reserved 1048576K
}
Event: 11.370 GC heap after
{Heap after GC invocations=31 (full 0):
 garbage-first heap   total 225280K, used 138753K [0x0000000080000000, 0x0000000100000000)
  region size 1024K, 6 young (6144K), 6 survivors (6144K)
 Metaspace       used 98456K, capacity 100798K, committed 101112K, reserved 1136640K
  class space    used 12601K, capacity 13443K, committed 13560K, reserved 1048576K
}
Event: 11.396 GC heap before
{Heap before GC invocations=31 (full 0):
 garbage-first heap   total 225280K, used 143873K [0x0000000080000000, 0x0000000100000000)
  region size 1024K, 11 young (11264K), 6 survivors (6144K)
 Metaspace       used 99152K, capacity 101534K, committed 101752K, reserved 1136640K
  class space    used 12760K, capacity 13627K, committed 13688K, reserved 1048576K
}
Event: 11.404 GC heap after
{Heap after GC invocations=32 (full 0):
 garbage-first heap   total 225280K, used 131549K [0x0000000080000000, 0x0000000100000000)
  region size 1024K, 2 young (2048K), 2 survivors (2048K)
 Metaspace       used 99152K, capacity 101534K, committed 101752K, reserved 1136640K
  class space    used 12760K, capacity 13627K, committed 13688K, reserved 1048576K
}
Event: 11.573 GC heap before
{Heap before GC invocations=32 (full 0):
 garbage-first heap   total 225280K, used 172509K [0x0000000080000000, 0x0000000100000000)
  region size 1024K, 42 young (43008K), 2 survivors (2048K)
 Metaspace       used 100217K, capacity 102589K, committed 102648K, reserved 1138688K
  class space    used 12871K, capacity 13760K, committed 13816K, reserved 1048576K
}
Event: 11.586 GC heap after
{Heap after GC invocations=33 (full 0):
 garbage-first heap   total 297984K, used 146432K [0x0000000080000000, 0x0000000100000000)
  region size 1024K, 6 young (6144K), 6 survivors (6144K)
 Metaspace       used 100217K, capacity 102589K, committed 102648K, reserved 1138688K
  class space    used 12871K, capacity 13760K, committed 13816K, reserved 1048576K
}
Event: 11.831 GC heap before
{Heap before GC invocations=34 (full 0):
 garbage-first heap   total 297984K, used 207872K [0x0000000080000000, 0x0000000100000000)
  region size 1024K, 66 young (67584K), 6 survivors (6144K)
 Metaspace       used 101923K, capacity 104254K, committed 104440K, reserved 1140736K
  class space    used 13086K, capacity 13950K, committed 14072K, reserved 1048576K
}
Event: 11.851 GC heap after
{Heap after GC invocations=35 (full 0):
 garbage-first heap   total 297984K, used 168211K [0x0000000080000000, 0x0000000100000000)
  region size 1024K, 9 young (9216K), 9 survivors (9216K)
 Metaspace       used 101923K, capacity 104254K, committed 104440K, reserved 1140736K
  class space    used 13086K, capacity 13950K, committed 14072K, reserved 1048576K
}
Event: 12.189 GC heap before
{Heap before GC invocations=35 (full 0):
 garbage-first heap   total 297984K, used 218387K [0x0000000080000000, 0x0000000100000000)
  region size 1024K, 59 young (60416K), 9 survivors (9216K)
 Metaspace       used 105737K, capacity 108308K, committed 108536K, reserved 1142784K
  class space    used 13580K, capacity 14507K, committed 14584K, reserved 1048576K
}
Event: 12.203 GC heap after
{Heap after GC invocations=36 (full 0):
 garbage-first heap   total 297984K, used 176477K [0x0000000080000000, 0x0000000100000000)
  region size 1024K, 7 young (7168K), 7 survivors (7168K)
 Metaspace       used 105737K, capacity 108308K, committed 108536K, reserved 1142784K
  class space    used 13580K, capacity 14507K, committed 14584K, reserved 1048576K
}
Event: 12.603 GC heap before
{Heap before GC invocations=37 (full 0):
 garbage-first heap   total 297984K, used 220509K [0x0000000080000000, 0x0000000100000000)
  region size 1024K, 57 young (58368K), 7 survivors (7168K)
 Metaspace       used 106391K, capacity 109048K, committed 109176K, reserved 1144832K
  class space    used 13649K, capacity 14614K, committed 14712K, reserved 1048576K
}
Event: 12.619 GC heap after
{Heap after GC invocations=38 (full 0):
 garbage-first heap   total 297984K, used 174857K [0x0000000080000000, 0x0000000100000000)
  region size 1024K, 5 young (5120K), 5 survivors (5120K)
 Metaspace       used 106391K, capacity 109048K, committed 109176K, reserved 1144832K
  class space    used 13649K, capacity 14614K, committed 14712K, reserved 1048576K
}
Event: 12.678 GC heap before
{Heap before GC invocations=38 (full 0):
 garbage-first heap   total 297984K, used 185097K [0x0000000080000000, 0x0000000100000000)
  region size 1024K, 14 young (14336K), 5 survivors (5120K)
 Metaspace       used 106395K, capacity 109048K, committed 109176K, reserved 1144832K
  class space    used 13649K, capacity 14614K, committed 14712K, reserved 1048576K
}

