# JRE version: OpenJDK Runtime Environment (11.0.12+7) (build 11.0.12+7-b1504.28-7817840)
# Java VM: OpenJDK 64-Bit Server VM (11.0.12+7-b1504.28-7817840, mixed mode, tiered, compressed oops, g1 gc, windows-amd64)
Heap:
 garbage-first heap   total 390144K, used 214157K [0x0000000080000000, 0x0000000100000000)
  region size 1024K, 8 young (8192K), 8 survivors (8192K)
 Metaspace       used 152544K, capacity 156199K, committed 156364K, reserved 1185792K
  class space    used 18884K, capacity 20157K, committed 20224K, reserved 1048576K
GC Heap History (20 events):
Event: 57.783 GC heap after
{Heap after GC invocations=69 (full 0):
 garbage-first heap   total 225280K, used 188887K [0x0000000080000000, 0x0000000100000000)
  region size 1024K, 2 young (2048K), 2 survivors (2048K)
 Metaspace       used 139393K, capacity 142922K, committed 143052K, reserved 1173504K
  class space    used 17460K, capacity 18651K, committed 18688K, reserved 1048576K
}
Event: 57.811 GC heap before
{Heap before GC invocations=69 (full 0):
 garbage-first heap   total 225280K, used 198103K [0x0000000080000000, 0x0000000100000000)
  region size 1024K, 11 young (11264K), 2 survivors (2048K)
 Metaspace       used 139418K, capacity 142928K, committed 143052K, reserved 1173504K
  class space    used 17460K, capacity 18652K, committed 18688K, reserved 1048576K
}
Event: 57.815 GC heap after
{Heap after GC invocations=70 (full 0):
 garbage-first heap   total 270336K, used 190792K [0x0000000080000000, 0x0000000100000000)
  region size 1024K, 2 young (2048K), 2 survivors (2048K)
 Metaspace       used 139418K, capacity 142928K, committed 143052K, reserved 1173504K
  class space    used 17460K, capacity 18652K, committed 18688K, reserved 1048576K
}
Event: 58.074 GC heap before
{Heap before GC invocations=70 (full 0):
 garbage-first heap   total 270336K, used 215368K [0x0000000080000000, 0x0000000100000000)
  region size 1024K, 28 young (28672K), 2 survivors (2048K)
 Metaspace       used 141321K, capacity 144816K, committed 145100K, reserved 1175552K
  class space    used 17624K, capacity 18846K, committed 18944K, reserved 1048576K
}
Event: 58.080 GC heap after
{Heap after GC invocations=71 (full 0):
 garbage-first heap   total 270336K, used 194159K [0x0000000080000000, 0x0000000100000000)
  region size 1024K, 4 young (4096K), 4 survivors (4096K)
 Metaspace       used 141321K, capacity 144816K, committed 145100K, reserved 1175552K
  class space    used 17624K, capacity 18846K, committed 18944K, reserved 1048576K
}
Event: 58.287 GC heap before
{Heap before GC invocations=72 (full 0):
 garbage-first heap   total 270336K, used 219759K [0x0000000080000000, 0x0000000100000000)
  region size 1024K, 30 young (30720K), 4 survivors (4096K)
 Metaspace       used 143255K, capacity 146769K, committed 147020K, reserved 1177600K
  class space    used 17777K, capacity 19006K, committed 19072K, reserved 1048576K
}
Event: 58.291 GC heap after
{Heap after GC invocations=73 (full 0):
 garbage-first heap   total 270336K, used 196311K [0x0000000080000000, 0x0000000100000000)
  region size 1024K, 3 young (3072K), 3 survivors (3072K)
 Metaspace       used 143255K, capacity 146769K, committed 147020K, reserved 1177600K
  class space    used 17777K, capacity 19006K, committed 19072K, reserved 1048576K
}
Event: 58.339 GC heap before
{Heap before GC invocations=73 (full 0):
 garbage-first heap   total 270336K, used 206551K [0x0000000080000000, 0x0000000100000000)
  region size 1024K, 13 young (13312K), 3 survivors (3072K)
 Metaspace       used 143347K, capacity 146833K, committed 147020K, reserved 1177600K
  class space    used 17777K, capacity 19006K, committed 19072K, reserved 1048576K
}
Event: 58.344 GC heap after
{Heap after GC invocations=74 (full 0):
 garbage-first heap   total 270336K, used 194203K [0x0000000080000000, 0x0000000100000000)
  region size 1024K, 2 young (2048K), 2 survivors (2048K)
 Metaspace       used 143347K, capacity 146833K, committed 147020K, reserved 1177600K
  class space    used 17777K, capacity 19006K, committed 19072K, reserved 1048576K
}
Event: 58.456 GC heap before
{Heap before GC invocations=74 (full 0):
 garbage-first heap   total 270336K, used 221851K [0x0000000080000000, 0x0000000100000000)
  region size 1024K, 29 young (29696K), 2 survivors (2048K)
 Metaspace       used 143780K, capacity 147377K, committed 147532K, reserved 1177600K
  class space    used 17806K, capacity 19038K, committed 19072K, reserved 1048576K
}
Event: 58.460 GC heap after
{Heap after GC invocations=75 (full 0):
 garbage-first heap   total 324608K, used 195042K [0x0000000080000000, 0x0000000100000000)
  region size 1024K, 2 young (2048K), 2 survivors (2048K)
 Metaspace       used 143780K, capacity 147377K, committed 147532K, reserved 1177600K
  class space    used 17806K, capacity 19038K, committed 19072K, reserved 1048576K
}
Event: 58.737 GC heap before
{Heap before GC invocations=75 (full 0):
 garbage-first heap   total 324608K, used 246242K [0x0000000080000000, 0x0000000100000000)
  region size 1024K, 51 young (52224K), 2 survivors (2048K)
 Metaspace       used 145499K, capacity 149046K, committed 149324K, reserved 1179648K
  class space    used 17980K, capacity 19208K, committed 19328K, reserved 1048576K
}
Event: 58.741 GC heap after
{Heap after GC invocations=76 (full 0):
 garbage-first heap   total 324608K, used 196970K [0x0000000080000000, 0x0000000100000000)
  region size 1024K, 4 young (4096K), 4 survivors (4096K)
 Metaspace       used 145499K, capacity 149046K, committed 149324K, reserved 1179648K
  class space    used 17980K, capacity 19208K, committed 19328K, reserved 1048576K
}
Event: 59.132 GC heap before
{Heap before GC invocations=76 (full 0):
 garbage-first heap   total 324608K, used 249194K [0x0000000080000000, 0x0000000100000000)
  region size 1024K, 56 young (57344K), 4 survivors (4096K)
 Metaspace       used 148163K, capacity 151726K, committed 151884K, reserved 1181696K
  class space    used 18332K, capacity 19567K, committed 19584K, reserved 1048576K
}
Event: 59.136 GC heap after
{Heap after GC invocations=77 (full 0):
 garbage-first heap   total 324608K, used 197564K [0x0000000080000000, 0x0000000100000000)
  region size 1024K, 4 young (4096K), 4 survivors (4096K)
 Metaspace       used 148163K, capacity 151726K, committed 151884K, reserved 1181696K
  class space    used 18332K, capacity 19567K, committed 19584K, reserved 1048576K
}
Event: 59.551 GC heap before
{Heap before GC invocations=77 (full 0):
 garbage-first heap   total 324608K, used 251836K [0x0000000080000000, 0x0000000100000000)
  region size 1024K, 59 young (60416K), 4 survivors (4096K)
 Metaspace       used 149884K, capacity 153436K, committed 153676K, reserved 1183744K
  class space    used 18532K, capacity 19750K, committed 19840K, reserved 1048576K
}
Event: 59.558 GC heap after
{Heap after GC invocations=78 (full 0):
 garbage-first heap   total 324608K, used 201748K [0x0000000080000000, 0x0000000100000000)
  region size 1024K, 8 young (8192K), 8 survivors (8192K)
 Metaspace       used 149884K, capacity 153436K, committed 153676K, reserved 1183744K
  class space    used 18532K, capacity 19750K, committed 19840K, reserved 1048576K
}
Event: 59.818 GC heap before
{Heap before GC invocations=78 (full 0):
 garbage-first heap   total 324608K, used 257044K [0x0000000080000000, 0x0000000100000000)
  region size 1024K, 63 young (64512K), 8 survivors (8192K)
 Metaspace       used 150916K, capacity 154548K, committed 154828K, reserved 1183744K
  class space    used 18660K, capacity 19907K, committed 19968K, reserved 1048576K
}
Event: 59.827 GC heap after
{Heap after GC invocations=79 (full 0):
 garbage-first heap   total 324608K, used 206440K [0x0000000080000000, 0x0000000100000000)
  region size 1024K, 5 young (5120K), 5 survivors (5120K)
 Metaspace       used 150916K, capacity 154548K, committed 154828K, reserved 1183744K
  class space    used 18660K, capacity 19907K, committed 19968K, reserved 1048576K
}
Event: 60.052 GC heap before
{Heap before GC invocations=79 (full 0):
 garbage-first heap   total 324608K, used 261736K [0x0000000080000000, 0x0000000100000000)
  region size 1024K, 60 young (61440K), 5 survivors (5120K)
 Metaspace       used 152544K, capacity 156199K, committed 156364K, reserved 1185792K
  class space    used 18884K, capacity 20157K, committed 20224K, reserved 1048576K
}

